0 verbose cli /Users/maxchen/.nvm/versions/node/v20.19.2/bin/node /Users/maxchen/.nvm/versions/node/v20.19.2/bin/npm
1 info using npm@11.5.2
2 info using node@v20.19.2
3 silly config load:file:/Users/maxchen/.nvm/versions/node/v20.19.2/lib/node_modules/npm/npmrc
4 silly config load:file:/Users/maxchen/Desktop/code/website/.npmrc
5 silly config load:file:/Users/maxchen/.npmrc
6 silly config load:file:/Users/maxchen/.nvm/versions/node/v20.19.2/etc/npmrc
7 verbose title npm add .
8 verbose argv "add" "."
9 verbose logfile logs-max:10 dir:/Users/maxchen/Desktop/code/website/.npm-cache/_logs/2025-08-12T09_41_31_692Z-
10 verbose logfile /Users/maxchen/Desktop/code/website/.npm-cache/_logs/2025-08-12T09_41_31_692Z-debug-0.log
11 silly logfile start cleaning logs, removing 1 files
12 silly packumentCache heap:4345298944 maxSize:1086324736 maxEntrySize:543162368
13 silly logfile done cleaning log files
14 silly idealTree buildDeps
15 verbose shrinkwrap failed to load node_modules/.package-lock.json out of date, updated: node_modules
16 silly reify moves {}
17 silly audit bulk request {
17 silly audit   '@babel/code-frame': [ '7.27.1' ],
17 silly audit   '@babel/generator': [ '7.28.0' ],
17 silly audit   '@babel/helper-globals': [ '7.28.0' ],
17 silly audit   '@babel/helper-string-parser': [ '7.27.1' ],
17 silly audit   '@babel/helper-validator-identifier': [ '7.27.1' ],
17 silly audit   '@babel/parser': [ '7.28.0' ],
17 silly audit   '@babel/template': [ '7.27.2' ],
17 silly audit   '@babel/traverse': [ '7.28.0' ],
17 silly audit   '@babel/types': [ '7.28.2' ],
17 silly audit   '@emnapi/core': [ '1.4.5' ],
17 silly audit   '@emnapi/runtime': [ '1.4.5' ],
17 silly audit   '@emnapi/wasi-threads': [ '1.0.4' ],
17 silly audit   '@eslint-community/eslint-utils': [ '4.7.0' ],
17 silly audit   '@eslint-community/regexpp': [ '4.12.1' ],
17 silly audit   '@eslint/eslintrc': [ '2.1.4' ],
17 silly audit   '@eslint/js': [ '8.39.0' ],
17 silly audit   '@humanwhocodes/config-array': [ '0.11.14' ],
17 silly audit   '@humanwhocodes/module-importer': [ '1.0.1' ],
17 silly audit   '@humanwhocodes/object-schema': [ '2.0.3' ],
17 silly audit   '@ianvs/prettier-plugin-sort-imports': [ '4.6.1' ],
17 silly audit   '@jridgewell/gen-mapping': [ '0.3.13' ],
17 silly audit   '@jridgewell/resolve-uri': [ '3.1.2' ],
17 silly audit   '@jridgewell/sourcemap-codec': [ '1.5.5' ],
17 silly audit   '@jridgewell/trace-mapping': [ '0.3.30' ],
17 silly audit   '@napi-rs/wasm-runtime': [ '0.2.12' ],
17 silly audit   '@next/env': [ '13.4.0' ],
17 silly audit   '@next/eslint-plugin-next': [ '13.4.0' ],
17 silly audit   '@next/swc-darwin-arm64': [ '13.4.0' ],
17 silly audit   '@next/swc-darwin-x64': [ '13.4.0' ],
17 silly audit   '@next/swc-linux-arm64-gnu': [ '13.4.0' ],
17 silly audit   '@next/swc-linux-arm64-musl': [ '13.4.0' ],
17 silly audit   '@next/swc-linux-x64-gnu': [ '13.4.0' ],
17 silly audit   '@next/swc-linux-x64-musl': [ '13.4.0' ],
17 silly audit   '@next/swc-win32-arm64-msvc': [ '13.4.0' ],
17 silly audit   '@next/swc-win32-ia32-msvc': [ '13.4.0' ],
17 silly audit   '@next/swc-win32-x64-msvc': [ '13.4.0' ],
17 silly audit   '@nodelib/fs.scandir': [ '2.1.5' ],
17 silly audit   '@nodelib/fs.stat': [ '2.0.5' ],
17 silly audit   '@nodelib/fs.walk': [ '1.2.8' ],
17 silly audit   '@nolyfill/is-core-module': [ '1.0.39' ],
17 silly audit   '@parcel/watcher': [ '2.5.1' ],
17 silly audit   '@parcel/watcher-android-arm64': [ '2.5.1' ],
17 silly audit   '@parcel/watcher-darwin-arm64': [ '2.5.1' ],
17 silly audit   '@parcel/watcher-darwin-x64': [ '2.5.1' ],
17 silly audit   '@parcel/watcher-freebsd-x64': [ '2.5.1' ],
17 silly audit   '@parcel/watcher-linux-arm-glibc': [ '2.5.1' ],
17 silly audit   '@parcel/watcher-linux-arm-musl': [ '2.5.1' ],
17 silly audit   '@parcel/watcher-linux-arm64-glibc': [ '2.5.1' ],
17 silly audit   '@parcel/watcher-linux-arm64-musl': [ '2.5.1' ],
17 silly audit   '@parcel/watcher-linux-x64-glibc': [ '2.5.1' ],
17 silly audit   '@parcel/watcher-linux-x64-musl': [ '2.5.1' ],
17 silly audit   '@parcel/watcher-win32-arm64': [ '2.5.1' ],
17 silly audit   '@parcel/watcher-win32-ia32': [ '2.5.1' ],
17 silly audit   '@parcel/watcher-win32-x64': [ '2.5.1' ],
17 silly audit   '@rtsao/scc': [ '1.1.0' ],
17 silly audit   '@rushstack/eslint-patch': [ '1.12.0' ],
17 silly audit   '@swc/helpers': [ '0.5.1' ],
17 silly audit   '@tybys/wasm-util': [ '0.10.0' ],
17 silly audit   '@types/json-schema': [ '7.0.15' ],
17 silly audit   '@types/json5': [ '0.0.29' ],
17 silly audit   '@types/semver': [ '7.7.0' ],
17 silly audit   '@typescript-eslint/eslint-plugin': [ '5.62.0' ],
17 silly audit   '@typescript-eslint/parser': [ '5.62.0' ],
17 silly audit   '@typescript-eslint/scope-manager': [ '5.62.0' ],
17 silly audit   '@typescript-eslint/type-utils': [ '5.62.0' ],
17 silly audit   '@typescript-eslint/types': [ '5.62.0' ],
17 silly audit   '@typescript-eslint/typescript-estree': [ '5.62.0' ],
17 silly audit   '@typescript-eslint/utils': [ '5.62.0' ],
17 silly audit   'eslint-scope': [ '5.1.1', '7.2.2' ],
17 silly audit   estraverse: [ '4.3.0', '5.3.0' ],
17 silly audit   '@typescript-eslint/visitor-keys': [ '5.62.0' ],
17 silly audit   '@unrs/resolver-binding-android-arm-eabi': [ '1.11.1' ],
17 silly audit   '@unrs/resolver-binding-android-arm64': [ '1.11.1' ],
17 silly audit   '@unrs/resolver-binding-darwin-arm64': [ '1.11.1' ],
17 silly audit   '@unrs/resolver-binding-darwin-x64': [ '1.11.1' ],
17 silly audit   '@unrs/resolver-binding-freebsd-x64': [ '1.11.1' ],
17 silly audit   '@unrs/resolver-binding-linux-arm-gnueabihf': [ '1.11.1' ],
17 silly audit   '@unrs/resolver-binding-linux-arm-musleabihf': [ '1.11.1' ],
17 silly audit   '@unrs/resolver-binding-linux-arm64-gnu': [ '1.11.1' ],
17 silly audit   '@unrs/resolver-binding-linux-arm64-musl': [ '1.11.1' ],
17 silly audit   '@unrs/resolver-binding-linux-ppc64-gnu': [ '1.11.1' ],
17 silly audit   '@unrs/resolver-binding-linux-riscv64-gnu': [ '1.11.1' ],
17 silly audit   '@unrs/resolver-binding-linux-riscv64-musl': [ '1.11.1' ],
17 silly audit   '@unrs/resolver-binding-linux-s390x-gnu': [ '1.11.1' ],
17 silly audit   '@unrs/resolver-binding-linux-x64-gnu': [ '1.11.1' ],
17 silly audit   '@unrs/resolver-binding-linux-x64-musl': [ '1.11.1' ],
17 silly audit   '@unrs/resolver-binding-wasm32-wasi': [ '1.11.1' ],
17 silly audit   '@unrs/resolver-binding-win32-arm64-msvc': [ '1.11.1' ],
17 silly audit   '@unrs/resolver-binding-win32-ia32-msvc': [ '1.11.1' ],
17 silly audit   '@unrs/resolver-binding-win32-x64-msvc': [ '1.11.1' ],
17 silly audit   acorn: [ '8.15.0' ],
17 silly audit   'acorn-jsx': [ '5.3.2' ],
17 silly audit   ajv: [ '6.12.6' ],
17 silly audit   'ansi-regex': [ '5.0.1' ],
17 silly audit   'ansi-styles': [ '4.3.0' ],
17 silly audit   argparse: [ '2.0.1' ],
17 silly audit   'aria-query': [ '5.3.2' ],
17 silly audit   'array-buffer-byte-length': [ '1.0.2' ],
17 silly audit   'array-includes': [ '3.1.9' ],
17 silly audit   'array-union': [ '2.1.0' ],
17 silly audit   'array.prototype.findlast': [ '1.2.5' ],
17 silly audit   'array.prototype.findlastindex': [ '1.2.6' ],
17 silly audit   'array.prototype.flat': [ '1.3.3' ],
17 silly audit   'array.prototype.flatmap': [ '1.3.3' ],
17 silly audit   'array.prototype.tosorted': [ '1.1.4' ],
17 silly audit   'arraybuffer.prototype.slice': [ '1.0.4' ],
17 silly audit   'ast-types-flow': [ '0.0.8' ],
17 silly audit   'async-function': [ '1.0.0' ],
17 silly audit   asynckit: [ '0.4.0' ],
17 silly audit   'available-typed-arrays': [ '1.0.7' ],
17 silly audit   'axe-core': [ '4.10.3' ],
17 silly audit   axios: [ '1.11.0' ],
17 silly audit   'axobject-query': [ '4.1.0' ],
17 silly audit   'balanced-match': [ '1.0.2' ],
17 silly audit   'brace-expansion': [ '1.1.12' ],
17 silly audit   braces: [ '3.0.3' ],
17 silly audit   busboy: [ '1.6.0' ],
17 silly audit   'call-bind': [ '1.0.8' ],
17 silly audit   'call-bind-apply-helpers': [ '1.0.2' ],
17 silly audit   'call-bound': [ '1.0.4' ],
17 silly audit   callsites: [ '3.1.0' ],
17 silly audit   'caniuse-lite': [ '1.0.30001734' ],
17 silly audit   chalk: [ '4.1.2' ],
17 silly audit   chokidar: [ '4.0.3' ],
17 silly audit   'client-only': [ '0.0.1' ],
17 silly audit   'color-convert': [ '2.0.1' ],
17 silly audit   'color-name': [ '1.1.4' ],
17 silly audit   'combined-stream': [ '1.0.8' ],
17 silly audit   'concat-map': [ '0.0.1' ],
17 silly audit   'cross-spawn': [ '7.0.6' ],
17 silly audit   'damerau-levenshtein': [ '1.0.8' ],
17 silly audit   'data-view-buffer': [ '1.0.2' ],
17 silly audit   'data-view-byte-length': [ '1.0.2' ],
17 silly audit   'data-view-byte-offset': [ '1.0.1' ],
17 silly audit   debug: [ '4.4.1', '3.2.7' ],
17 silly audit   'deep-is': [ '0.1.4' ],
17 silly audit   'define-data-property': [ '1.1.4' ],
17 silly audit   'define-properties': [ '1.2.1' ],
17 silly audit   'delayed-stream': [ '1.0.0' ],
17 silly audit   'detect-libc': [ '1.0.3' ],
17 silly audit   'dir-glob': [ '3.0.1' ],
17 silly audit   doctrine: [ '3.0.0', '2.1.0' ],
17 silly audit   'dunder-proto': [ '1.0.1' ],
17 silly audit   'emoji-regex': [ '9.2.2' ],
17 silly audit   'es-abstract': [ '1.24.0' ],
17 silly audit   'es-define-property': [ '1.0.1' ],
17 silly audit   'es-errors': [ '1.3.0' ],
17 silly audit   'es-iterator-helpers': [ '1.2.1' ],
17 silly audit   'es-object-atoms': [ '1.1.1' ],
17 silly audit   'es-set-tostringtag': [ '2.1.0' ],
17 silly audit   'es-shim-unscopables': [ '1.1.0' ],
17 silly audit   'es-to-primitive': [ '1.3.0' ],
17 silly audit   'escape-string-regexp': [ '4.0.0' ],
17 silly audit   eslint: [ '8.39.0' ],
17 silly audit   'eslint-config-next': [ '13.4.0' ],
17 silly audit   'eslint-import-resolver-typescript': [ '3.10.1' ],
17 silly audit   'eslint-import-resolver-node': [ '0.3.9' ],
17 silly audit   'eslint-module-utils': [ '2.12.1' ],
17 silly audit   'eslint-plugin-import': [ '2.32.0' ],
17 silly audit   semver: [ '6.3.1', '7.7.2' ],
17 silly audit   'eslint-plugin-jsx-a11y': [ '6.10.2' ],
17 silly audit   'eslint-plugin-react': [ '7.37.5' ],
17 silly audit   'eslint-plugin-react-hooks': [ '4.6.2' ],
17 silly audit   resolve: [ '2.0.0-next.5', '1.22.10' ],
17 silly audit   'eslint-plugin-unused-imports': [ '4.1.4' ],
17 silly audit   'eslint-visitor-keys': [ '3.4.3' ],
17 silly audit   espree: [ '9.6.1' ],
17 silly audit   esquery: [ '1.6.0' ],
17 silly audit   esrecurse: [ '4.3.0' ],
17 silly audit   esutils: [ '2.0.3' ],
17 silly audit   'fast-deep-equal': [ '3.1.3' ],
17 silly audit   'fast-glob': [ '3.3.3' ],
17 silly audit   'glob-parent': [ '5.1.2', '6.0.2' ],
17 silly audit   'fast-json-stable-stringify': [ '2.1.0' ],
17 silly audit   'fast-levenshtein': [ '2.0.6' ],
17 silly audit   fastq: [ '1.19.1' ],
17 silly audit   'file-entry-cache': [ '6.0.1' ],
17 silly audit   'fill-range': [ '7.1.1' ],
17 silly audit   'find-up': [ '5.0.0' ],
17 silly audit   'flat-cache': [ '3.2.0' ],
17 silly audit   flatted: [ '3.3.3' ],
17 silly audit   'follow-redirects': [ '1.15.11' ],
17 silly audit   'for-each': [ '0.3.5' ],
17 silly audit   'form-data': [ '4.0.4' ],
17 silly audit   'fs.realpath': [ '1.0.0' ],
17 silly audit   'function-bind': [ '1.1.2' ],
17 silly audit   'function.prototype.name': [ '1.1.8' ],
17 silly audit   'functions-have-names': [ '1.2.3' ],
17 silly audit   'get-intrinsic': [ '1.3.0' ],
17 silly audit   'get-proto': [ '1.0.1' ],
17 silly audit   'get-symbol-description': [ '1.1.0' ],
17 silly audit   'get-tsconfig': [ '4.10.1' ],
17 silly audit   glob: [ '7.1.7' ],
17 silly audit   globals: [ '13.24.0' ],
17 silly audit   globalthis: [ '1.0.4' ],
17 silly audit   globby: [ '11.1.0' ],
17 silly audit   gopd: [ '1.2.0' ],
17 silly audit   'grapheme-splitter': [ '1.0.4' ],
17 silly audit   graphemer: [ '1.4.0' ],
17 silly audit   'has-bigints': [ '1.1.0' ],
17 silly audit   'has-flag': [ '4.0.0' ],
17 silly audit   'has-property-descriptors': [ '1.0.2' ],
17 silly audit   'has-proto': [ '1.2.0' ],
17 silly audit   'has-symbols': [ '1.1.0' ],
17 silly audit   'has-tostringtag': [ '1.0.2' ],
17 silly audit   hasown: [ '2.0.2' ],
17 silly audit   ignore: [ '5.3.2' ],
17 silly audit   immutable: [ '5.1.3' ],
17 silly audit   'import-fresh': [ '3.3.1' ],
17 silly audit   imurmurhash: [ '0.1.4' ],
17 silly audit   inflight: [ '1.0.6' ],
17 silly audit   inherits: [ '2.0.4' ],
17 silly audit   'internal-slot': [ '1.1.0' ],
17 silly audit   'is-array-buffer': [ '3.0.5' ],
17 silly audit   'is-async-function': [ '2.1.1' ],
17 silly audit   'is-bigint': [ '1.1.0' ],
17 silly audit   'is-boolean-object': [ '1.2.2' ],
17 silly audit   'is-bun-module': [ '2.0.0' ],
17 silly audit   'is-callable': [ '1.2.7' ],
17 silly audit   'is-core-module': [ '2.16.1' ],
17 silly audit   'is-data-view': [ '1.0.2' ],
17 silly audit   'is-date-object': [ '1.1.0' ],
17 silly audit   'is-extglob': [ '2.1.1' ],
17 silly audit   'is-finalizationregistry': [ '1.1.1' ],
17 silly audit   'is-generator-function': [ '1.1.0' ],
17 silly audit   'is-glob': [ '4.0.3' ],
17 silly audit   'is-map': [ '2.0.3' ],
17 silly audit   'is-negative-zero': [ '2.0.3' ],
17 silly audit   'is-number': [ '7.0.0' ],
17 silly audit   'is-number-object': [ '1.1.1' ],
17 silly audit   'is-path-inside': [ '3.0.3' ],
17 silly audit   'is-regex': [ '1.2.1' ],
17 silly audit   'is-set': [ '2.0.3' ],
17 silly audit   'is-shared-array-buffer': [ '1.0.4' ],
17 silly audit   'is-string': [ '1.1.1' ],
17 silly audit   'is-symbol': [ '1.1.1' ],
17 silly audit   'is-typed-array': [ '1.1.15' ],
17 silly audit   'is-weakmap': [ '2.0.2' ],
17 silly audit   'is-weakref': [ '1.1.1' ],
17 silly audit   'is-weakset': [ '2.0.4' ],
17 silly audit   isarray: [ '2.0.5' ],
17 silly audit   isexe: [ '2.0.0' ],
17 silly audit   'iterator.prototype': [ '1.1.5' ],
17 silly audit   'js-sdsl': [ '4.4.2' ],
17 silly audit   'js-tokens': [ '4.0.0' ],
17 silly audit   'js-yaml': [ '4.1.0' ],
17 silly audit   jsesc: [ '3.1.0' ],
17 silly audit   'json-buffer': [ '3.0.1' ],
17 silly audit   'json-schema-traverse': [ '0.4.1' ],
17 silly audit   'json-stable-stringify-without-jsonify': [ '1.0.1' ],
17 silly audit   json5: [ '1.0.2' ],
17 silly audit   'jsx-ast-utils': [ '3.3.5' ],
17 silly audit   keyv: [ '4.5.4' ],
17 silly audit   'language-subtag-registry': [ '0.3.23' ],
17 silly audit   'language-tags': [ '1.0.9' ],
17 silly audit   levn: [ '0.4.1' ],
17 silly audit   'locate-path': [ '6.0.0' ],
17 silly audit   'lodash.merge': [ '4.6.2' ],
17 silly audit   'loose-envify': [ '1.4.0' ],
17 silly audit   'math-intrinsics': [ '1.1.0' ],
17 silly audit   merge2: [ '1.4.1' ],
17 silly audit   micromatch: [ '4.0.8' ],
17 silly audit   'mime-db': [ '1.52.0' ],
17 silly audit   'mime-types': [ '2.1.35' ],
17 silly audit   minimatch: [ '3.1.2' ],
17 silly audit   minimist: [ '1.2.8' ],
17 silly audit   ms: [ '2.1.3' ],
17 silly audit   nanoid: [ '3.3.11' ],
17 silly audit   'napi-postinstall': [ '0.3.3' ],
17 silly audit   'natural-compare': [ '1.4.0' ],
17 silly audit   'natural-compare-lite': [ '1.4.0' ],
17 silly audit   next: [ '13.4.0' ],
17 silly audit   'node-addon-api': [ '7.1.1' ],
17 silly audit   'normalize.css': [ '8.0.1' ],
17 silly audit   'object-assign': [ '4.1.1' ],
17 silly audit   'object-inspect': [ '1.13.4' ],
17 silly audit   'object-keys': [ '1.1.1' ],
17 silly audit   'object.assign': [ '4.1.7' ],
17 silly audit   'object.entries': [ '1.1.9' ],
17 silly audit   'object.fromentries': [ '2.0.8' ],
17 silly audit   'object.groupby': [ '1.0.3' ],
17 silly audit   'object.values': [ '1.2.1' ],
17 silly audit   once: [ '1.4.0' ],
17 silly audit   optionator: [ '0.9.4' ],
17 silly audit   'own-keys': [ '1.0.1' ],
17 silly audit   'p-limit': [ '3.1.0' ],
17 silly audit   'p-locate': [ '5.0.0' ],
17 silly audit   'parent-module': [ '1.0.1' ],
17 silly audit   'path-exists': [ '4.0.0' ],
17 silly audit   'path-is-absolute': [ '1.0.1' ],
17 silly audit   'path-key': [ '3.1.1' ],
17 silly audit   'path-parse': [ '1.0.7' ],
17 silly audit   'path-type': [ '4.0.0' ],
17 silly audit   picocolors: [ '1.1.1' ],
17 silly audit   picomatch: [ '2.3.1', '4.0.3' ],
17 silly audit   'possible-typed-array-names': [ '1.1.0' ],
17 silly audit   postcss: [ '8.4.14' ],
17 silly audit   'prelude-ls': [ '1.2.1' ],
17 silly audit   prettier: [ '3.6.2' ],
17 silly audit   'prop-types': [ '15.8.1' ],
17 silly audit   'proxy-from-env': [ '1.1.0' ],
17 silly audit   punycode: [ '2.3.1' ],
17 silly audit   'queue-microtask': [ '1.2.3' ],
17 silly audit   react: [ '18.2.0' ],
17 silly audit   'react-dom': [ '18.2.0' ],
17 silly audit   'react-is': [ '16.13.1' ],
17 silly audit   readdirp: [ '4.1.2' ],
17 silly audit   'reflect.getprototypeof': [ '1.0.10' ],
17 silly audit   'regexp.prototype.flags': [ '1.5.4' ],
17 silly audit   'resolve-from': [ '4.0.0' ],
17 silly audit   'resolve-pkg-maps': [ '1.0.0' ],
17 silly audit   reusify: [ '1.1.0' ],
17 silly audit   rimraf: [ '3.0.2' ],
17 silly audit   'run-parallel': [ '1.2.0' ],
17 silly audit   'safe-array-concat': [ '1.1.3' ],
17 silly audit   'safe-push-apply': [ '1.0.0' ],
17 silly audit   'safe-regex-test': [ '1.1.0' ],
17 silly audit   sass: [ '1.90.0' ],
17 silly audit   scheduler: [ '0.23.2' ],
17 silly audit   'set-function-length': [ '1.2.2' ],
17 silly audit   'set-function-name': [ '2.0.2' ],
17 silly audit   'set-proto': [ '1.0.0' ],
17 silly audit   'shebang-command': [ '2.0.0' ],
17 silly audit   'shebang-regex': [ '3.0.0' ],
17 silly audit   'side-channel': [ '1.1.0' ],
17 silly audit   'side-channel-list': [ '1.0.0' ],
17 silly audit   'side-channel-map': [ '1.0.1' ],
17 silly audit   'side-channel-weakmap': [ '1.0.2' ],
17 silly audit   slash: [ '3.0.0' ],
17 silly audit   'source-map-js': [ '1.2.1' ],
17 silly audit   'stable-hash': [ '0.0.5' ],
17 silly audit   'stop-iteration-iterator': [ '1.1.0' ],
17 silly audit   streamsearch: [ '1.1.0' ],
17 silly audit   'string.prototype.includes': [ '2.0.1' ],
17 silly audit   'string.prototype.matchall': [ '4.0.12' ],
17 silly audit   'string.prototype.repeat': [ '1.0.0' ],
17 silly audit   'string.prototype.trim': [ '1.2.10' ],
17 silly audit   'string.prototype.trimend': [ '1.0.9' ],
17 silly audit   'string.prototype.trimstart': [ '1.0.8' ],
17 silly audit   'strip-ansi': [ '6.0.1' ],
17 silly audit   'strip-bom': [ '3.0.0' ],
17 silly audit   'strip-json-comments': [ '3.1.1' ],
17 silly audit   'styled-jsx': [ '5.1.1' ],
17 silly audit   'supports-color': [ '7.2.0' ],
17 silly audit   'supports-preserve-symlinks-flag': [ '1.0.0' ],
17 silly audit   'text-table': [ '0.2.0' ],
17 silly audit   tinyglobby: [ '0.2.14' ],
17 silly audit   fdir: [ '6.4.6' ],
17 silly audit   'to-regex-range': [ '5.0.1' ],
17 silly audit   'tsconfig-paths': [ '3.15.0' ],
17 silly audit   tslib: [ '2.8.1', '1.14.1' ],
17 silly audit   tsutils: [ '3.21.0' ],
17 silly audit   'type-check': [ '0.4.0' ],
17 silly audit   'type-fest': [ '0.20.2' ],
17 silly audit   'typed-array-buffer': [ '1.0.3' ],
17 silly audit   'typed-array-byte-length': [ '1.0.3' ],
17 silly audit   'typed-array-byte-offset': [ '1.0.4' ],
17 silly audit   'typed-array-length': [ '1.0.7' ],
17 silly audit   typescript: [ '5.9.2' ],
17 silly audit   'unbox-primitive': [ '1.1.0' ],
17 silly audit   'unrs-resolver': [ '1.11.1' ],
17 silly audit   'uri-js': [ '4.4.1' ],
17 silly audit   which: [ '2.0.2' ],
17 silly audit   'which-boxed-primitive': [ '1.1.1' ],
17 silly audit   'which-builtin-type': [ '1.2.1' ],
17 silly audit   'which-collection': [ '1.0.2' ],
17 silly audit   'which-typed-array': [ '1.1.19' ],
17 silly audit   'word-wrap': [ '1.2.5' ],
17 silly audit   wrappy: [ '1.0.2' ],
17 silly audit   'yocto-queue': [ '0.1.0' ],
17 silly audit   zod: [ '3.21.4' ]
17 silly audit }
18 verbose reify failed optional dependency /Users/maxchen/Desktop/code/website/node_modules/@unrs/resolver-binding-win32-x64-msvc
19 silly reify mark deleted [
19 silly reify   '/Users/maxchen/Desktop/code/website/node_modules/@unrs/resolver-binding-win32-x64-msvc'
19 silly reify ]
20 verbose reify failed optional dependency /Users/maxchen/Desktop/code/website/node_modules/@unrs/resolver-binding-win32-ia32-msvc
21 silly reify mark deleted [
21 silly reify   '/Users/maxchen/Desktop/code/website/node_modules/@unrs/resolver-binding-win32-ia32-msvc'
21 silly reify ]
22 verbose reify failed optional dependency /Users/maxchen/Desktop/code/website/node_modules/@unrs/resolver-binding-win32-arm64-msvc
23 silly reify mark deleted [
23 silly reify   '/Users/maxchen/Desktop/code/website/node_modules/@unrs/resolver-binding-win32-arm64-msvc'
23 silly reify ]
24 verbose reify failed optional dependency /Users/maxchen/Desktop/code/website/node_modules/@unrs/resolver-binding-wasm32-wasi
25 silly reify mark deleted [
25 silly reify   '/Users/maxchen/Desktop/code/website/node_modules/@unrs/resolver-binding-wasm32-wasi'
25 silly reify ]
26 verbose reify failed optional dependency /Users/maxchen/Desktop/code/website/node_modules/@napi-rs/wasm-runtime
27 silly reify mark deleted [
27 silly reify   '/Users/maxchen/Desktop/code/website/node_modules/@napi-rs/wasm-runtime'
27 silly reify ]
28 verbose reify failed optional dependency /Users/maxchen/Desktop/code/website/node_modules/@emnapi/core
29 silly reify mark deleted [ '/Users/maxchen/Desktop/code/website/node_modules/@emnapi/core' ]
30 verbose reify failed optional dependency /Users/maxchen/Desktop/code/website/node_modules/@emnapi/runtime
31 silly reify mark deleted [ '/Users/maxchen/Desktop/code/website/node_modules/@emnapi/runtime' ]
32 verbose reify failed optional dependency /Users/maxchen/Desktop/code/website/node_modules/@tybys/wasm-util
33 silly reify mark deleted [ '/Users/maxchen/Desktop/code/website/node_modules/@tybys/wasm-util' ]
34 verbose reify failed optional dependency /Users/maxchen/Desktop/code/website/node_modules/@emnapi/wasi-threads
35 silly reify mark deleted [
35 silly reify   '/Users/maxchen/Desktop/code/website/node_modules/@emnapi/wasi-threads'
35 silly reify ]
36 verbose reify failed optional dependency /Users/maxchen/Desktop/code/website/node_modules/@unrs/resolver-binding-linux-x64-musl
37 silly reify mark deleted [
37 silly reify   '/Users/maxchen/Desktop/code/website/node_modules/@unrs/resolver-binding-linux-x64-musl'
37 silly reify ]
38 verbose reify failed optional dependency /Users/maxchen/Desktop/code/website/node_modules/@unrs/resolver-binding-linux-x64-gnu
39 silly reify mark deleted [
39 silly reify   '/Users/maxchen/Desktop/code/website/node_modules/@unrs/resolver-binding-linux-x64-gnu'
39 silly reify ]
40 verbose reify failed optional dependency /Users/maxchen/Desktop/code/website/node_modules/@unrs/resolver-binding-linux-s390x-gnu
41 silly reify mark deleted [
41 silly reify   '/Users/maxchen/Desktop/code/website/node_modules/@unrs/resolver-binding-linux-s390x-gnu'
41 silly reify ]
42 verbose reify failed optional dependency /Users/maxchen/Desktop/code/website/node_modules/@unrs/resolver-binding-linux-riscv64-musl
43 silly reify mark deleted [
43 silly reify   '/Users/maxchen/Desktop/code/website/node_modules/@unrs/resolver-binding-linux-riscv64-musl'
43 silly reify ]
44 verbose reify failed optional dependency /Users/maxchen/Desktop/code/website/node_modules/@unrs/resolver-binding-linux-riscv64-gnu
45 silly reify mark deleted [
45 silly reify   '/Users/maxchen/Desktop/code/website/node_modules/@unrs/resolver-binding-linux-riscv64-gnu'
45 silly reify ]
46 verbose reify failed optional dependency /Users/maxchen/Desktop/code/website/node_modules/@unrs/resolver-binding-linux-ppc64-gnu
47 silly reify mark deleted [
47 silly reify   '/Users/maxchen/Desktop/code/website/node_modules/@unrs/resolver-binding-linux-ppc64-gnu'
47 silly reify ]
48 verbose reify failed optional dependency /Users/maxchen/Desktop/code/website/node_modules/@unrs/resolver-binding-linux-arm64-musl
49 silly reify mark deleted [
49 silly reify   '/Users/maxchen/Desktop/code/website/node_modules/@unrs/resolver-binding-linux-arm64-musl'
49 silly reify ]
50 verbose reify failed optional dependency /Users/maxchen/Desktop/code/website/node_modules/@unrs/resolver-binding-linux-arm64-gnu
51 silly reify mark deleted [
51 silly reify   '/Users/maxchen/Desktop/code/website/node_modules/@unrs/resolver-binding-linux-arm64-gnu'
51 silly reify ]
52 verbose reify failed optional dependency /Users/maxchen/Desktop/code/website/node_modules/@unrs/resolver-binding-linux-arm-musleabihf
53 silly reify mark deleted [
53 silly reify   '/Users/maxchen/Desktop/code/website/node_modules/@unrs/resolver-binding-linux-arm-musleabihf'
53 silly reify ]
54 verbose reify failed optional dependency /Users/maxchen/Desktop/code/website/node_modules/@unrs/resolver-binding-linux-arm-gnueabihf
55 silly reify mark deleted [
55 silly reify   '/Users/maxchen/Desktop/code/website/node_modules/@unrs/resolver-binding-linux-arm-gnueabihf'
55 silly reify ]
56 verbose reify failed optional dependency /Users/maxchen/Desktop/code/website/node_modules/@unrs/resolver-binding-freebsd-x64
57 silly reify mark deleted [
57 silly reify   '/Users/maxchen/Desktop/code/website/node_modules/@unrs/resolver-binding-freebsd-x64'
57 silly reify ]
58 verbose reify failed optional dependency /Users/maxchen/Desktop/code/website/node_modules/@unrs/resolver-binding-darwin-x64
59 silly reify mark deleted [
59 silly reify   '/Users/maxchen/Desktop/code/website/node_modules/@unrs/resolver-binding-darwin-x64'
59 silly reify ]
60 verbose reify failed optional dependency /Users/maxchen/Desktop/code/website/node_modules/@unrs/resolver-binding-android-arm64
61 silly reify mark deleted [
61 silly reify   '/Users/maxchen/Desktop/code/website/node_modules/@unrs/resolver-binding-android-arm64'
61 silly reify ]
62 verbose reify failed optional dependency /Users/maxchen/Desktop/code/website/node_modules/@unrs/resolver-binding-android-arm-eabi
63 silly reify mark deleted [
63 silly reify   '/Users/maxchen/Desktop/code/website/node_modules/@unrs/resolver-binding-android-arm-eabi'
63 silly reify ]
64 verbose reify failed optional dependency /Users/maxchen/Desktop/code/website/node_modules/@parcel/watcher-win32-x64
65 silly reify mark deleted [
65 silly reify   '/Users/maxchen/Desktop/code/website/node_modules/@parcel/watcher-win32-x64'
65 silly reify ]
66 verbose reify failed optional dependency /Users/maxchen/Desktop/code/website/node_modules/@parcel/watcher-win32-ia32
67 silly reify mark deleted [
67 silly reify   '/Users/maxchen/Desktop/code/website/node_modules/@parcel/watcher-win32-ia32'
67 silly reify ]
68 verbose reify failed optional dependency /Users/maxchen/Desktop/code/website/node_modules/@parcel/watcher-win32-arm64
69 silly reify mark deleted [
69 silly reify   '/Users/maxchen/Desktop/code/website/node_modules/@parcel/watcher-win32-arm64'
69 silly reify ]
70 verbose reify failed optional dependency /Users/maxchen/Desktop/code/website/node_modules/@parcel/watcher-linux-x64-musl
71 silly reify mark deleted [
71 silly reify   '/Users/maxchen/Desktop/code/website/node_modules/@parcel/watcher-linux-x64-musl'
71 silly reify ]
72 verbose reify failed optional dependency /Users/maxchen/Desktop/code/website/node_modules/@parcel/watcher-linux-x64-glibc
73 silly reify mark deleted [
73 silly reify   '/Users/maxchen/Desktop/code/website/node_modules/@parcel/watcher-linux-x64-glibc'
73 silly reify ]
74 verbose reify failed optional dependency /Users/maxchen/Desktop/code/website/node_modules/@parcel/watcher-linux-arm64-musl
75 silly reify mark deleted [
75 silly reify   '/Users/maxchen/Desktop/code/website/node_modules/@parcel/watcher-linux-arm64-musl'
75 silly reify ]
76 verbose reify failed optional dependency /Users/maxchen/Desktop/code/website/node_modules/@parcel/watcher-linux-arm64-glibc
77 silly reify mark deleted [
77 silly reify   '/Users/maxchen/Desktop/code/website/node_modules/@parcel/watcher-linux-arm64-glibc'
77 silly reify ]
78 verbose reify failed optional dependency /Users/maxchen/Desktop/code/website/node_modules/@parcel/watcher-linux-arm-musl
79 silly reify mark deleted [
79 silly reify   '/Users/maxchen/Desktop/code/website/node_modules/@parcel/watcher-linux-arm-musl'
79 silly reify ]
80 verbose reify failed optional dependency /Users/maxchen/Desktop/code/website/node_modules/@parcel/watcher-linux-arm-glibc
81 silly reify mark deleted [
81 silly reify   '/Users/maxchen/Desktop/code/website/node_modules/@parcel/watcher-linux-arm-glibc'
81 silly reify ]
82 verbose reify failed optional dependency /Users/maxchen/Desktop/code/website/node_modules/@parcel/watcher-freebsd-x64
83 silly reify mark deleted [
83 silly reify   '/Users/maxchen/Desktop/code/website/node_modules/@parcel/watcher-freebsd-x64'
83 silly reify ]
84 verbose reify failed optional dependency /Users/maxchen/Desktop/code/website/node_modules/@parcel/watcher-darwin-x64
85 silly reify mark deleted [
85 silly reify   '/Users/maxchen/Desktop/code/website/node_modules/@parcel/watcher-darwin-x64'
85 silly reify ]
86 verbose reify failed optional dependency /Users/maxchen/Desktop/code/website/node_modules/@parcel/watcher-android-arm64
87 silly reify mark deleted [
87 silly reify   '/Users/maxchen/Desktop/code/website/node_modules/@parcel/watcher-android-arm64'
87 silly reify ]
88 verbose reify failed optional dependency /Users/maxchen/Desktop/code/website/node_modules/@next/swc-win32-x64-msvc
89 silly reify mark deleted [
89 silly reify   '/Users/maxchen/Desktop/code/website/node_modules/@next/swc-win32-x64-msvc'
89 silly reify ]
90 verbose reify failed optional dependency /Users/maxchen/Desktop/code/website/node_modules/@next/swc-win32-ia32-msvc
91 silly reify mark deleted [
91 silly reify   '/Users/maxchen/Desktop/code/website/node_modules/@next/swc-win32-ia32-msvc'
91 silly reify ]
92 verbose reify failed optional dependency /Users/maxchen/Desktop/code/website/node_modules/@next/swc-win32-arm64-msvc
93 silly reify mark deleted [
93 silly reify   '/Users/maxchen/Desktop/code/website/node_modules/@next/swc-win32-arm64-msvc'
93 silly reify ]
94 verbose reify failed optional dependency /Users/maxchen/Desktop/code/website/node_modules/@next/swc-linux-x64-musl
95 silly reify mark deleted [
95 silly reify   '/Users/maxchen/Desktop/code/website/node_modules/@next/swc-linux-x64-musl'
95 silly reify ]
96 verbose reify failed optional dependency /Users/maxchen/Desktop/code/website/node_modules/@next/swc-linux-x64-gnu
97 silly reify mark deleted [
97 silly reify   '/Users/maxchen/Desktop/code/website/node_modules/@next/swc-linux-x64-gnu'
97 silly reify ]
98 verbose reify failed optional dependency /Users/maxchen/Desktop/code/website/node_modules/@next/swc-linux-arm64-musl
99 silly reify mark deleted [
99 silly reify   '/Users/maxchen/Desktop/code/website/node_modules/@next/swc-linux-arm64-musl'
99 silly reify ]
100 verbose reify failed optional dependency /Users/maxchen/Desktop/code/website/node_modules/@next/swc-linux-arm64-gnu
101 silly reify mark deleted [
101 silly reify   '/Users/maxchen/Desktop/code/website/node_modules/@next/swc-linux-arm64-gnu'
101 silly reify ]
102 verbose reify failed optional dependency /Users/maxchen/Desktop/code/website/node_modules/@next/swc-darwin-x64
103 silly reify mark deleted [
103 silly reify   '/Users/maxchen/Desktop/code/website/node_modules/@next/swc-darwin-x64'
103 silly reify ]
104 http cache @tybys/wasm-util@https://registry.npmjs.org/@tybys/wasm-util/-/wasm-util-0.10.0.tgz 0ms (cache hit)
105 http cache @napi-rs/wasm-runtime@https://registry.npmjs.org/@napi-rs/wasm-runtime/-/wasm-runtime-0.2.12.tgz 0ms (cache hit)
106 http cache @emnapi/runtime@https://registry.npmjs.org/@emnapi/runtime/-/runtime-1.4.5.tgz 0ms (cache hit)
107 http cache @emnapi/core@https://registry.npmjs.org/@emnapi/core/-/core-1.4.5.tgz 0ms (cache hit)
108 http cache @emnapi/wasi-threads@https://registry.npmjs.org/@emnapi/wasi-threads/-/wasi-threads-1.0.4.tgz 0ms (cache hit)
109 http fetch POST 200 https://registry.npmjs.org/-/npm/v1/security/advisories/bulk 193ms
110 silly audit report {
110 silly audit report   next: [
110 silly audit report     {
110 silly audit report       id: 1100393,
110 silly audit report       url: 'https://github.com/advisories/GHSA-fq54-2j52-jc42',
110 silly audit report       title: 'Next.js Denial of Service (DoS) condition',
110 silly audit report       severity: 'high',
110 silly audit report       vulnerable_versions: '>=13.3.1 <13.5.0',
110 silly audit report       cwe: [Array],
110 silly audit report       cvss: [Object]
110 silly audit report     },
110 silly audit report     {
110 silly audit report       id: 1100421,
110 silly audit report       url: 'https://github.com/advisories/GHSA-g77x-44xx-532m',
110 silly audit report       title: 'Denial of Service condition in Next.js image optimization',
110 silly audit report       severity: 'moderate',
110 silly audit report       vulnerable_versions: '>=10.0.0 <14.2.7',
110 silly audit report       cwe: [Array],
110 silly audit report       cvss: [Object]
110 silly audit report     },
110 silly audit report     {
110 silly audit report       id: 1101380,
110 silly audit report       url: 'https://github.com/advisories/GHSA-7gfc-8cq8-jh5f',
110 silly audit report       title: 'Next.js authorization bypass vulnerability',
110 silly audit report       severity: 'high',
110 silly audit report       vulnerable_versions: '>=9.5.5 <14.2.15',
110 silly audit report       cwe: [Array],
110 silly audit report       cvss: [Object]
110 silly audit report     },
110 silly audit report     {
110 silly audit report       id: 1101439,
110 silly audit report       url: 'https://github.com/advisories/GHSA-7m27-7ghc-44w9',
110 silly audit report       title: 'Next.js Allows a Denial of Service (DoS) with Server Actions',
110 silly audit report       severity: 'moderate',
110 silly audit report       vulnerable_versions: '>=13.0.0 <13.5.8',
110 silly audit report       cwe: [Array],
110 silly audit report       cvss: [Object]
110 silly audit report     },
110 silly audit report     {
110 silly audit report       id: 1104490,
110 silly audit report       url: 'https://github.com/advisories/GHSA-qpjv-v59x-3qc4',
110 silly audit report       title: 'Next.js Race Condition to Cache Poisoning',
110 silly audit report       severity: 'low',
110 silly audit report       vulnerable_versions: '<14.2.24',
110 silly audit report       cwe: [Array],
110 silly audit report       cvss: [Object]
110 silly audit report     },
110 silly audit report     {
110 silly audit report       id: 1105461,
110 silly audit report       url: 'https://github.com/advisories/GHSA-3h52-269p-cp9r',
110 silly audit report       title: 'Information exposure in Next.js dev server due to lack of origin verification',
110 silly audit report       severity: 'low',
110 silly audit report       vulnerable_versions: '>=13.0 <14.2.30',
110 silly audit report       cwe: [Array],
110 silly audit report       cvss: [Object]
110 silly audit report     },
110 silly audit report     {
110 silly audit report       id: 1106693,
110 silly audit report       url: 'https://github.com/advisories/GHSA-f82v-jwr5-mffw',
110 silly audit report       title: 'Authorization Bypass in Next.js Middleware',
110 silly audit report       severity: 'critical',
110 silly audit report       vulnerable_versions: '>=13.0.0 <13.5.9',
110 silly audit report       cwe: [Array],
110 silly audit report       cvss: [Object]
110 silly audit report     },
110 silly audit report     {
110 silly audit report       id: 1097295,
110 silly audit report       url: 'https://github.com/advisories/GHSA-fr5h-rqp8-mj6g',
110 silly audit report       title: 'Next.js Server-Side Request Forgery in Server Actions',
110 silly audit report       severity: 'high',
110 silly audit report       vulnerable_versions: '>=13.4.0 <14.1.1',
110 silly audit report       cwe: [Array],
110 silly audit report       cvss: [Object]
110 silly audit report     },
110 silly audit report     {
110 silly audit report       id: 1098118,
110 silly audit report       url: 'https://github.com/advisories/GHSA-77r5-gw3j-2mpf',
110 silly audit report       title: 'Next.js Vulnerable to HTTP Request Smuggling',
110 silly audit report       severity: 'high',
110 silly audit report       vulnerable_versions: '>=13.4.0 <13.5.1',
110 silly audit report       cwe: [Array],
110 silly audit report       cvss: [Object]
110 silly audit report     },
110 silly audit report     {
110 silly audit report       id: 1094729,
110 silly audit report       url: 'https://github.com/advisories/GHSA-c59h-r6p8-q9wc',
110 silly audit report       title: 'Next.js missing cache-control header may lead to CDN caching empty reply',
110 silly audit report       severity: 'low',
110 silly audit report       vulnerable_versions: '>=0.9.9 <13.4.20-canary.13',
110 silly audit report       cwe: [],
110 silly audit report       cvss: [Object]
110 silly audit report     }
110 silly audit report   ],
110 silly audit report   postcss: [
110 silly audit report     {
110 silly audit report       id: 1094544,
110 silly audit report       url: 'https://github.com/advisories/GHSA-7fh5-64p2-3v2j',
110 silly audit report       title: 'PostCSS line return parsing error',
110 silly audit report       severity: 'moderate',
110 silly audit report       vulnerable_versions: '<8.4.31',
110 silly audit report       cwe: [Array],
110 silly audit report       cvss: [Object]
110 silly audit report     }
110 silly audit report   ],
110 silly audit report   zod: [
110 silly audit report     {
110 silly audit report       id: 1099462,
110 silly audit report       url: 'https://github.com/advisories/GHSA-m95q-7qp3-xv42',
110 silly audit report       title: 'Zod denial of service vulnerability',
110 silly audit report       severity: 'moderate',
110 silly audit report       vulnerable_versions: '<=3.22.2',
110 silly audit report       cwe: [Array],
110 silly audit report       cvss: [Object]
110 silly audit report     }
110 silly audit report   ]
110 silly audit report }
111 silly packumentCache corgi:https://registry.npmjs.org/next cache-miss
112 silly packumentCache corgi:https://registry.npmjs.org/postcss cache-miss
113 silly packumentCache corgi:https://registry.npmjs.org/zod cache-miss
114 http fetch GET 200 https://registry.npmjs.org/next 70ms (cache revalidated)
115 silly packumentCache corgi:https://registry.npmjs.org/next set size:21069292 disposed:false
116 http fetch GET 200 https://registry.npmjs.org/postcss 334ms (cache revalidated)
117 silly packumentCache corgi:https://registry.npmjs.org/postcss set size:337129 disposed:false
118 http fetch GET 200 https://registry.npmjs.org/zod 336ms (cache revalidated)
119 silly packumentCache corgi:https://registry.npmjs.org/zod set size:920919 disposed:false
120 silly ADD node_modules/@unrs/resolver-binding-win32-x64-msvc
121 silly ADD node_modules/@unrs/resolver-binding-win32-ia32-msvc
122 silly ADD node_modules/@unrs/resolver-binding-win32-arm64-msvc
123 silly ADD node_modules/@unrs/resolver-binding-wasm32-wasi
124 silly ADD node_modules/@unrs/resolver-binding-linux-x64-musl
125 silly ADD node_modules/@unrs/resolver-binding-linux-x64-gnu
126 silly ADD node_modules/@unrs/resolver-binding-linux-s390x-gnu
127 silly ADD node_modules/@unrs/resolver-binding-linux-riscv64-musl
128 silly ADD node_modules/@unrs/resolver-binding-linux-riscv64-gnu
129 silly ADD node_modules/@unrs/resolver-binding-linux-ppc64-gnu
130 silly ADD node_modules/@unrs/resolver-binding-linux-arm64-musl
131 silly ADD node_modules/@unrs/resolver-binding-linux-arm64-gnu
132 silly ADD node_modules/@unrs/resolver-binding-linux-arm-musleabihf
133 silly ADD node_modules/@unrs/resolver-binding-linux-arm-gnueabihf
134 silly ADD node_modules/@unrs/resolver-binding-freebsd-x64
135 silly ADD node_modules/@unrs/resolver-binding-darwin-x64
136 silly ADD node_modules/@unrs/resolver-binding-android-arm64
137 silly ADD node_modules/@unrs/resolver-binding-android-arm-eabi
138 silly ADD node_modules/@tybys/wasm-util
139 silly ADD node_modules/@parcel/watcher-win32-x64
140 silly ADD node_modules/@parcel/watcher-win32-ia32
141 silly ADD node_modules/@parcel/watcher-win32-arm64
142 silly ADD node_modules/@parcel/watcher-linux-x64-musl
143 silly ADD node_modules/@parcel/watcher-linux-x64-glibc
144 silly ADD node_modules/@parcel/watcher-linux-arm64-musl
145 silly ADD node_modules/@parcel/watcher-linux-arm64-glibc
146 silly ADD node_modules/@parcel/watcher-linux-arm-musl
147 silly ADD node_modules/@parcel/watcher-linux-arm-glibc
148 silly ADD node_modules/@parcel/watcher-freebsd-x64
149 silly ADD node_modules/@parcel/watcher-darwin-x64
150 silly ADD node_modules/@parcel/watcher-android-arm64
151 silly ADD node_modules/@next/swc-win32-x64-msvc
152 silly ADD node_modules/@next/swc-win32-ia32-msvc
153 silly ADD node_modules/@next/swc-win32-arm64-msvc
154 silly ADD node_modules/@next/swc-linux-x64-musl
155 silly ADD node_modules/@next/swc-linux-x64-gnu
156 silly ADD node_modules/@next/swc-linux-arm64-musl
157 silly ADD node_modules/@next/swc-linux-arm64-gnu
158 silly ADD node_modules/@next/swc-darwin-x64
159 silly ADD node_modules/@napi-rs/wasm-runtime
160 silly ADD node_modules/@emnapi/wasi-threads
161 silly ADD node_modules/@emnapi/runtime
162 silly ADD node_modules/@emnapi/core
163 verbose cwd /Users/maxchen/Desktop/code/website
164 verbose os Darwin 24.6.0
165 verbose node v20.19.2
166 verbose npm  v11.5.2
167 verbose exit 0
168 info ok
